2025-06-28 20:21:52 - INFO - Logging initialized. Log file: C:\Arnab\Detoxification\logs\detoxification_20250628_202152.log
2025-06-28 20:21:53 - INFO - Logging initialized. Log file: C:\Arnab\Detoxification\logs\detoxification_20250628_202153.log
2025-06-28 20:21:53 - INFO - Logging initialized. Log file: C:\Arnab\Detoxification\logs\detoxification_20250628_202153.log
2025-06-28 20:21:53 - INFO - Logging initialized. Log file: C:\Arnab\Detoxification\logs\detoxification_20250628_202153.log
2025-06-28 20:21:53 - INFO - Using device: cpu
2025-06-28 20:21:55 - INFO - Loading triplet dataset from triplets.jsonl
2025-06-28 20:21:55 - ERROR - Failed to load triplet dataset from triplets.jsonl
Traceback (most recent call last):
  File "C:\Arnab\Detoxification\TripletDataset.py", line 51, in __init__
    with open(path, "r", encoding="utf-8") as f:
         ~~~~^^^^^^^^^^^^^^^^^^^^^^^^^^^^^
FileNotFoundError: [Errno 2] No such file or directory: 'triplets.jsonl'
2025-06-28 20:21:55 - ERROR - Fatal error in main execution.
Traceback (most recent call last):
  File "C:\Arnab\Detoxification\main.py", line 32, in main
    dataset = TripletDataset(triplet_path, tokenizer)
  File "C:\Arnab\Detoxification\TripletDataset.py", line 51, in __init__
    with open(path, "r", encoding="utf-8") as f:
         ~~~~^^^^^^^^^^^^^^^^^^^^^^^^^^^^^
FileNotFoundError: [Errno 2] No such file or directory: 'triplets.jsonl'
